<?xml version="1.0" encoding="utf-8"?><testsuites name="pytest tests"><testsuite name="pytest" errors="0" failures="0" skipped="0" tests="11" time="3.030" timestamp="2026-04-19T19:04:16.465459+00:00" hostname="agent-env-6bf61339-9225-4482-ae39-f77a7afff4c3"><testcase classname="tests.test_pricing_api.TestPricingEndpoints" name="test_bundles_returns_four_with_constants" time="0.152" /><testcase classname="tests.test_pricing_api.TestPricingEndpoints" name="test_quote_small_office_dxf" time="0.128" /><testcase classname="tests.test_pricing_api.TestPricingEndpoints" name="test_quote_large_studio_full_pack" time="0.118" /><testcase classname="tests.test_pricing_api.TestPricingEndpoints" name="test_quote_headline_contains_size_desk_sheets" time="0.379" /><testcase classname="tests.test_pricing_api.TestExportsAccess" name="test_check_access_unauth_returns_not_authenticated" time="0.126" /><testcase classname="tests.test_pricing_api.TestExportsAccess" name="test_check_access_admin_is_pro" time="0.445" /><testcase classname="tests.test_pricing_api.TestExportsAccess" name="test_check_access_fresh_user_no_credits" time="0.451" /><testcase classname="tests.test_pricing_api.TestPurchaseSingle" name="test_purchase_single_requires_auth" time="0.106" /><testcase classname="tests.test_pricing_api.TestPurchaseSingle" name="test_purchase_single_creates_stripe_session" time="0.603" /><testcase classname="tests.test_pricing_api.TestGenerateAndDownload" name="test_generate_full_pack_returns_four_files" time="0.266" /><testcase classname="tests.test_pricing_api.TestGenerateAndDownload" name="test_generate_dxf_only_excludes_svg" time="0.169" /></testsuite></testsuites>