<?xml version="1.0" encoding="utf-8"?><testsuites name="pytest tests"><testsuite name="pytest" errors="0" failures="0" skipped="0" tests="19" time="7.511" timestamp="2026-04-18T09:04:57.323089+00:00" hostname="agent-env-f96a4d21-20e9-4258-b931-4059684e3aa3"><testcase classname="backend.tests.test_api.TestHealth" name="test_health_endpoint" time="0.214" /><testcase classname="backend.tests.test_api.TestHealth" name="test_root_endpoint" time="0.110" /><testcase classname="backend.tests.test_api.TestAuth" name="test_login_admin_success" time="0.336" /><testcase classname="backend.tests.test_api.TestAuth" name="test_login_invalid_credentials" time="0.334" /><testcase classname="backend.tests.test_api.TestAuth" name="test_login_nonexistent_user" time="0.130" /><testcase classname="backend.tests.test_api.TestAuth" name="test_register_new_user" time="0.325" /><testcase classname="backend.tests.test_api.TestAuth" name="test_register_duplicate_email" time="0.094" /><testcase classname="backend.tests.test_api.TestAuth" name="test_me_without_auth" time="0.126" /><testcase classname="backend.tests.test_api.TestAuth" name="test_me_with_auth" time="0.434" /><testcase classname="backend.tests.test_api.TestAuth" name="test_logout" time="0.424" /><testcase classname="backend.tests.test_api.TestDesigns" name="test_get_presets" time="0.104" /><testcase classname="backend.tests.test_api.TestDesigns" name="test_get_designs_requires_auth" time="0.100" /><testcase classname="backend.tests.test_api.TestDesigns" name="test_create_design_requires_auth" time="0.098" /><testcase classname="backend.tests.test_api.TestDesigns" name="test_create_and_get_design" time="0.559" /><testcase classname="backend.tests.test_api.TestCNC" name="test_generate_cnc_basic" time="0.103" /><testcase classname="backend.tests.test_api.TestCNC" name="test_generate_cnc_with_features" time="0.105" /><testcase classname="backend.tests.test_api.TestCNC" name="test_material_estimate" time="0.102" /><testcase classname="backend.tests.test_api.TestChat" name="test_chat_design_basic" time="1.362" /><testcase classname="backend.tests.test_api.TestChat" name="test_chat_design_session_continuity" time="2.254" /></testsuite></testsuites>