<?xml version="1.0" encoding="utf-8"?><testsuites name="pytest tests"><testsuite name="pytest" errors="0" failures="0" skipped="0" tests="23" time="2.739" timestamp="2026-04-19T19:06:15.231775+00:00" hostname="agent-env-6bf61339-9225-4482-ae39-f77a7afff4c3"><testcase classname="tests.test_pricing" name="test_small_office_dxf_matches_spec" time="0.001" /><testcase classname="tests.test_pricing" name="test_large_studio_full_matches_spec" time="0.000" /><testcase classname="tests.test_pricing" name="test_bundle_upgrade_increases_price" time="0.000" /><testcase classname="tests.test_pricing" name="test_more_sheets_increases_price" time="0.000" /><testcase classname="tests.test_pricing" name="test_commercial_license_adds_flat_fee" time="0.000" /><testcase classname="tests.test_pricing" name="test_joint_type_affects_price" time="0.000" /><testcase classname="tests.test_pricing" name="test_invalid_bundle_falls_back_to_default" time="0.000" /><testcase classname="tests.test_pricing" name="test_line_items_are_human_readable" time="0.000" /><testcase classname="tests.test_pricing" name="test_bundle_catalog_exposes_all_options" time="0.000" /><testcase classname="tests.test_pricing" name="test_headline_includes_price_and_bundle" time="0.000" /><testcase classname="tests.test_pricing" name="test_price_scales_smoothly_across_configs" time="0.000" /><testcase classname="tests.test_pricing" name="test_zero_parts_safe" time="0.000" /><testcase classname="tests.test_pricing_api.TestPricingEndpoints" name="test_bundles_returns_four_with_constants" time="0.148" /><testcase classname="tests.test_pricing_api.TestPricingEndpoints" name="test_quote_small_office_dxf" time="0.137" /><testcase classname="tests.test_pricing_api.TestPricingEndpoints" name="test_quote_large_studio_full_pack" time="0.105" /><testcase classname="tests.test_pricing_api.TestPricingEndpoints" name="test_quote_headline_contains_size_desk_sheets" time="0.108" /><testcase classname="tests.test_pricing_api.TestExportsAccess" name="test_check_access_unauth_returns_not_authenticated" time="0.121" /><testcase classname="tests.test_pricing_api.TestExportsAccess" name="test_check_access_admin_is_pro" time="0.477" /><testcase classname="tests.test_pricing_api.TestExportsAccess" name="test_check_access_fresh_user_no_credits" time="0.427" /><testcase classname="tests.test_pricing_api.TestPurchaseSingle" name="test_purchase_single_requires_auth" time="0.116" /><testcase classname="tests.test_pricing_api.TestPurchaseSingle" name="test_purchase_single_creates_stripe_session" time="0.465" /><testcase classname="tests.test_pricing_api.TestGenerateAndDownload" name="test_generate_full_pack_returns_four_files" time="0.340" /><testcase classname="tests.test_pricing_api.TestGenerateAndDownload" name="test_generate_dxf_only_excludes_svg" time="0.168" /></testsuite></testsuites>