<?xml version="1.0" encoding="utf-8"?><testsuites name="pytest tests"><testsuite name="pytest" errors="0" failures="0" skipped="0" tests="9" time="1.470" timestamp="2026-04-19T19:36:40.003921+00:00" hostname="agent-env-6bf61339-9225-4482-ae39-f77a7afff4c3"><testcase classname="tests.test_share_quote" name="test_bundles_constants_reflect_new_pricing" time="0.223" /><testcase classname="tests.test_share_quote" name="test_quote_small_office_range_and_material_note" time="0.121" /><testcase classname="tests.test_share_quote" name="test_quote_medium_gaming_range" time="0.136" /><testcase classname="tests.test_share_quote" name="test_quote_large_studio_and_commercial_delta" time="0.231" /><testcase classname="tests.test_share_quote" name="test_share_returns_slug_and_urls" time="0.110" /><testcase classname="tests.test_share_quote" name="test_get_shared_quote_and_view_increment" time="0.252" /><testcase classname="tests.test_share_quote" name="test_shared_pdf_html_has_expected_content" time="0.103" /><testcase classname="tests.test_share_quote" name="test_shared_pdf_nonexistent_slug_returns_404" time="0.111" /><testcase classname="tests.test_share_quote" name="test_shared_quote_nonexistent_slug_returns_404" time="0.111" /></testsuite></testsuites>